1621232324600	geckodriver	INFO	Listening on 127.0.0.1:58422
1621232325607	mozrunner::runner	INFO	Running command: "/Applications/Firefox.app/Contents/MacOS/firefox-bin" "--marionette" "-headless" "-foreground" "-no-remote" "-profile" "/var/folders/td/9pt24xxn74s52bhw6nf4h3v80000gn/T/rust_mozprofileCtoV2j"
*** You are running in headless mode.
1621850228269	geckodriver	INFO	Listening on 127.0.0.1:51797
1621850229164	mozrunner::runner	INFO	Running command: "/Applications/Firefox.app/Contents/MacOS/firefox-bin" "--marionette" "-headless" "-foreground" "-no-remote" "-profile" "/var/folders/td/9pt24xxn74s52bhw6nf4h3v80000gn/T/rust_mozprofileL29Y5L"
*** You are running in headless mode.
console.warn: SearchSettings: "get: No settings file exists, new profile?" (new Error("", "(unknown module)"))
1621850235247	Marionette	INFO	Listening on port 51808
1621850235297	Marionette	WARN	TLS certificate errors will be ignored for this session
JavaScript warning: https://pagead2.googlesyndication.com/bg/CWq9ndk-1oeaRFSw5-gDkkYul7vu_3Fd6OpFoFd0cNM.js line 1 > eval line 4014 > eval line 1 > eval, line 1: Failed to create WebGL context: WebGL creation failed: 
* Can't use WebGL in headless mode (https://bugzil.la/1375585).
JavaScript warning: https://pagead2.googlesyndication.com/bg/CWq9ndk-1oeaRFSw5-gDkkYul7vu_3Fd6OpFoFd0cNM.js line 1 > eval line 5231 > eval line 1 > eval, line 1: Failed to create WebGL context: WebGL creation failed: 
* Can't use WebGL in headless mode (https://bugzil.la/1375585).
JavaScript warning: https://pagead2.googlesyndication.com/bg/CWq9ndk-1oeaRFSw5-gDkkYul7vu_3Fd6OpFoFd0cNM.js line 1 > eval line 1266 > eval line 1 > eval, line 1: Failed to create WebGL context: WebGL creation failed: 
* Can't use WebGL in headless mode (https://bugzil.la/1375585).
JavaScript warning: https://pagead2.googlesyndication.com/bg/CWq9ndk-1oeaRFSw5-gDkkYul7vu_3Fd6OpFoFd0cNM.js line 1 > eval line 2175 > eval line 1 > eval, line 1: Failed to create WebGL context: WebGL creation failed: 
* Can't use WebGL in headless mode (https://bugzil.la/1375585).
1621850251851	geckodriver	INFO	Listening on 127.0.0.1:52043
1621850252870	mozrunner::runner	INFO	Running command: "/Applications/Firefox.app/Contents/MacOS/firefox-bin" "--marionette" "-headless" "-foreground" "-no-remote" "-profile" "/var/folders/td/9pt24xxn74s52bhw6nf4h3v80000gn/T/rust_mozprofilezzLiMX"
*** You are running in headless mode.
console.warn: SearchSettings: "get: No settings file exists, new profile?" (new Error("", "(unknown module)"))
1621850254346	Marionette	INFO	Listening on port 52054
1621850254425	Marionette	WARN	TLS certificate errors will be ignored for this session
JavaScript warning: https://pagead2.googlesyndication.com/bg/CWq9ndk-1oeaRFSw5-gDkkYul7vu_3Fd6OpFoFd0cNM.js line 1 > eval line 4470 > eval, line 1: Failed to create WebGL context: WebGL creation failed: 
* Can't use WebGL in headless mode (https://bugzil.la/1375585).
1621850278766	Marionette	INFO	Stopped listening on port 52054
1621850488926	geckodriver	INFO	Listening on 127.0.0.1:52187
1621850489926	mozrunner::runner	INFO	Running command: "/Applications/Firefox.app/Contents/MacOS/firefox-bin" "--marionette" "-headless" "-foreground" "-no-remote" "-profile" "/var/folders/td/9pt24xxn74s52bhw6nf4h3v80000gn/T/rust_mozprofilem8ar0H"
*** You are running in headless mode.
console.warn: SearchSettings: "get: No settings file exists, new profile?" (new Error("", "(unknown module)"))
1621850491345	Marionette	INFO	Listening on port 52198
1621850491367	Marionette	WARN	TLS certificate errors will be ignored for this session
JavaScript error: , line 0: uncaught exception: undefined
1621850496530	Marionette	WARN	TimedPromise timed out after 500 ms: stacktrace:
TimedPromise/<@chrome://marionette/content/sync.js:231:19
TimedPromise@chrome://marionette/content/sync.js:216:10
interaction.flushEventLoop@chrome://marionette/content/interaction.js:433:10
webdriverClickElement@chrome://marionette/content/interaction.js:179:31
JavaScript warning: https://pagead2.googlesyndication.com/bg/CWq9ndk-1oeaRFSw5-gDkkYul7vu_3Fd6OpFoFd0cNM.js line 1 > eval line 631 > eval line 1 > eval, line 1: Failed to create WebGL context: WebGL creation failed: 
* Can't use WebGL in headless mode (https://bugzil.la/1375585).
JavaScript warning: https://pagead2.googlesyndication.com/bg/CWq9ndk-1oeaRFSw5-gDkkYul7vu_3Fd6OpFoFd0cNM.js line 1 > eval line 1201 > eval line 1 > eval, line 1: Failed to create WebGL context: WebGL creation failed: 
* Can't use WebGL in headless mode (https://bugzil.la/1375585).
1621850514567	geckodriver	INFO	Listening on 127.0.0.1:52385
1621850515581	mozrunner::runner	INFO	Running command: "/Applications/Firefox.app/Contents/MacOS/firefox-bin" "--marionette" "-headless" "-foreground" "-no-remote" "-profile" "/var/folders/td/9pt24xxn74s52bhw6nf4h3v80000gn/T/rust_mozprofileqpbLRw"
*** You are running in headless mode.
console.warn: SearchSettings: "get: No settings file exists, new profile?" (new Error("", "(unknown module)"))
1621850517149	Marionette	INFO	Listening on port 52396
1621850517224	Marionette	WARN	TLS certificate errors will be ignored for this session
JavaScript warning: https://pagead2.googlesyndication.com/bg/CWq9ndk-1oeaRFSw5-gDkkYul7vu_3Fd6OpFoFd0cNM.js line 1 > eval line 1622 > eval line 1 > eval, line 1: Failed to create WebGL context: WebGL creation failed: 
* Can't use WebGL in headless mode (https://bugzil.la/1375585).
1621850541695	Marionette	INFO	Stopped listening on port 52396
JavaScript error: resource://gre/modules/AsyncShutdown.jsm, line 718: Error: Phase "Sqlite.jsm: wait until all connections are closed" is finished, it is too late to register completion condition "protections.sqlite#0: waiting for shutdown"
console.log: WebExtensions: reset-default-search: No addons in our list are installed.
console.log: WebExtensions: reset-default-search: No addons in our list are installed.
1621854536321	geckodriver	INFO	Listening on 127.0.0.1:53238
1621854537331	mozrunner::runner	INFO	Running command: "/Applications/Firefox.app/Contents/MacOS/firefox-bin" "--marionette" "-headless" "-foreground" "-no-remote" "-profile" "/var/folders/td/9pt24xxn74s52bhw6nf4h3v80000gn/T/rust_mozprofileql1qFZ"
*** You are running in headless mode.
console.warn: SearchSettings: "get: No settings file exists, new profile?" (new Error("", "(unknown module)"))
1621854539060	Marionette	INFO	Listening on port 53250
1621854539074	Marionette	WARN	TLS certificate errors will be ignored for this session
JavaScript warning: https://pagead2.googlesyndication.com/bg/CWq9ndk-1oeaRFSw5-gDkkYul7vu_3Fd6OpFoFd0cNM.js line 1 > eval line 1647 > eval, line 1: Failed to create WebGL context: WebGL creation failed: 
* Can't use WebGL in headless mode (https://bugzil.la/1375585).
JavaScript warning: https://pagead2.googlesyndication.com/bg/CWq9ndk-1oeaRFSw5-gDkkYul7vu_3Fd6OpFoFd0cNM.js line 1 > eval line 3178 > eval line 1 > eval, line 1: Failed to create WebGL context: WebGL creation failed: 
* Can't use WebGL in headless mode (https://bugzil.la/1375585).
JavaScript warning: https://pagead2.googlesyndication.com/bg/CWq9ndk-1oeaRFSw5-gDkkYul7vu_3Fd6OpFoFd0cNM.js line 1 > eval line 5740 > eval line 1 > eval, line 1: Failed to create WebGL context: WebGL creation failed: 
* Can't use WebGL in headless mode (https://bugzil.la/1375585).
1621854549045	geckodriver	INFO	Listening on 127.0.0.1:53426
1621854550051	mozrunner::runner	INFO	Running command: "/Applications/Firefox.app/Contents/MacOS/firefox-bin" "--marionette" "-headless" "-foreground" "-no-remote" "-profile" "/var/folders/td/9pt24xxn74s52bhw6nf4h3v80000gn/T/rust_mozprofilelv6si8"
*** You are running in headless mode.
console.warn: SearchSettings: "get: No settings file exists, new profile?" (new Error("", "(unknown module)"))
1621854551619	Marionette	INFO	Listening on port 53440
1621854551714	Marionette	WARN	TLS certificate errors will be ignored for this session
JavaScript warning: https://pagead2.googlesyndication.com/bg/CWq9ndk-1oeaRFSw5-gDkkYul7vu_3Fd6OpFoFd0cNM.js line 1 > eval line 712 > eval, line 1: Failed to create WebGL context: WebGL creation failed: 
* Can't use WebGL in headless mode (https://bugzil.la/1375585).
1621854576051	Marionette	INFO	Stopped listening on port 53440
JavaScript error: resource://gre/modules/AsyncShutdown.jsm, line 718: Error: Phase "Sqlite.jsm: wait until all connections are closed" is finished, it is too late to register completion condition "protections.sqlite#0: waiting for shutdown"
1621854576721	geckodriver	INFO	Listening on 127.0.0.1:53535
1621854577739	mozrunner::runner	INFO	Running command: "/Applications/Firefox.app/Contents/MacOS/firefox-bin" "--marionette" "-headless" "-foreground" "-no-remote" "-profile" "/var/folders/td/9pt24xxn74s52bhw6nf4h3v80000gn/T/rust_mozprofileSGvBIS"
*** You are running in headless mode.
console.warn: SearchSettings: "get: No settings file exists, new profile?" (new Error("", "(unknown module)"))
1621854579123	Marionette	INFO	Listening on port 53546
1621854579194	Marionette	WARN	TLS certificate errors will be ignored for this session
JavaScript warning: https://pagead2.googlesyndication.com/bg/CWq9ndk-1oeaRFSw5-gDkkYul7vu_3Fd6OpFoFd0cNM.js line 1 > eval line 4235 > eval line 1 > eval, line 1: Failed to create WebGL context: WebGL creation failed: 
* Can't use WebGL in headless mode (https://bugzil.la/1375585).
JavaScript warning: https://pagead2.googlesyndication.com/bg/CWq9ndk-1oeaRFSw5-gDkkYul7vu_3Fd6OpFoFd0cNM.js line 1 > eval line 1387 > eval line 1 > eval, line 1: Failed to create WebGL context: WebGL creation failed: 
* Can't use WebGL in headless mode (https://bugzil.la/1375585).
JavaScript warning: https://pagead2.googlesyndication.com/bg/CWq9ndk-1oeaRFSw5-gDkkYul7vu_3Fd6OpFoFd0cNM.js line 1 > eval line 5324 > eval, line 1: Failed to create WebGL context: WebGL creation failed: 
* Can't use WebGL in headless mode (https://bugzil.la/1375585).
JavaScript warning: https://pagead2.googlesyndication.com/bg/CWq9ndk-1oeaRFSw5-gDkkYul7vu_3Fd6OpFoFd0cNM.js line 1 > eval line 250 > eval, line 1: Failed to create WebGL context: WebGL creation failed: 
* Can't use WebGL in headless mode (https://bugzil.la/1375585).
1621854587212	geckodriver	INFO	Listening on 127.0.0.1:53729
1621854588233	mozrunner::runner	INFO	Running command: "/Applications/Firefox.app/Contents/MacOS/firefox-bin" "--marionette" "-headless" "-foreground" "-no-remote" "-profile" "/var/folders/td/9pt24xxn74s52bhw6nf4h3v80000gn/T/rust_mozprofileJ4IA89"
*** You are running in headless mode.
console.warn: SearchSettings: "get: No settings file exists, new profile?" (new Error("", "(unknown module)"))
1621854589796	Marionette	INFO	Listening on port 53740
1621854589884	Marionette	WARN	TLS certificate errors will be ignored for this session
JavaScript warning: https://pagead2.googlesyndication.com/bg/CWq9ndk-1oeaRFSw5-gDkkYul7vu_3Fd6OpFoFd0cNM.js line 1 > eval line 3110 > eval line 1 > eval, line 1: Failed to create WebGL context: WebGL creation failed: 
* Can't use WebGL in headless mode (https://bugzil.la/1375585).
1621854614181	Marionette	INFO	Stopped listening on port 53740
1621854614803	geckodriver	INFO	Listening on 127.0.0.1:53836
1621854615802	mozrunner::runner	INFO	Running command: "/Applications/Firefox.app/Contents/MacOS/firefox-bin" "--marionette" "-headless" "-foreground" "-no-remote" "-profile" "/var/folders/td/9pt24xxn74s52bhw6nf4h3v80000gn/T/rust_mozprofileU7c08s"
*** You are running in headless mode.
console.warn: SearchSettings: "get: No settings file exists, new profile?" (new Error("", "(unknown module)"))
1621854617437	Marionette	INFO	Listening on port 53847
1621854617545	Marionette	WARN	TLS certificate errors will be ignored for this session
JavaScript warning: https://pagead2.googlesyndication.com/bg/CWq9ndk-1oeaRFSw5-gDkkYul7vu_3Fd6OpFoFd0cNM.js line 1 > eval line 2296 > eval, line 1: Failed to create WebGL context: WebGL creation failed: 
* Can't use WebGL in headless mode (https://bugzil.la/1375585).
JavaScript warning: https://pagead2.googlesyndication.com/bg/CWq9ndk-1oeaRFSw5-gDkkYul7vu_3Fd6OpFoFd0cNM.js line 1 > eval line 469 > eval line 1 > eval, line 1: Failed to create WebGL context: WebGL creation failed: 
* Can't use WebGL in headless mode (https://bugzil.la/1375585).
1621854626916	geckodriver	INFO	Listening on 127.0.0.1:54024
1621854627924	mozrunner::runner	INFO	Running command: "/Applications/Firefox.app/Contents/MacOS/firefox-bin" "--marionette" "-headless" "-foreground" "-no-remote" "-profile" "/var/folders/td/9pt24xxn74s52bhw6nf4h3v80000gn/T/rust_mozprofileKO14gm"
*** You are running in headless mode.
console.warn: SearchSettings: "get: No settings file exists, new profile?" (new Error("", "(unknown module)"))
1621854629641	Marionette	INFO	Listening on port 54036
1621854629691	Marionette	WARN	TLS certificate errors will be ignored for this session
JavaScript warning: https://pagead2.googlesyndication.com/bg/CWq9ndk-1oeaRFSw5-gDkkYul7vu_3Fd6OpFoFd0cNM.js line 1 > eval line 1486 > eval, line 1: Failed to create WebGL context: WebGL creation failed: 
* Can't use WebGL in headless mode (https://bugzil.la/1375585).
1621854652774	Marionette	INFO	Stopped listening on port 54036
console.log: WebExtensions: reset-default-search: No addons in our list are installed.
console.log: WebExtensions: reset-default-search: No addons in our list are installed.
