2021-05-17 09:18:03,081-INFO-FILE:main.py-FUNCTION:logger_config-LINE:44-Logger configured Mon May 17 09:18:03 2021
2021-05-17 09:18:03,081-INFO-FILE:main.py-FUNCTION:main-LINE:173-configuration of logger called: Mon May 17 09:18:03 2021
2021-05-17 09:18:42,367-INFO-FILE:main.py-FUNCTION:logger_config-LINE:44-Logger configured Mon May 17 09:18:42 2021
2021-05-17 09:18:42,367-INFO-FILE:main.py-FUNCTION:main-LINE:173-configuration of logger called: Mon May 17 09:18:42 2021
2021-05-17 09:18:42,727-INFO-FILE:main.py-FUNCTION:main-LINE:176-configuration of selenium called: Mon May 17 09:18:42 2021
2021-05-17 09:18:42,727-INFO-FILE:main.py-FUNCTION:main-LINE:177-Starting scrape: Mon May 17 09:18:42 2021
2021-05-17 09:18:44,561-INFO-FILE:main.py-FUNCTION:parse_arguments-LINE:130-ATTEMPTING TO RETRIEVE CITY Tokyo, Japan
2021-05-24 12:56:47,417-INFO-FILE:main.py-FUNCTION:logger_config-LINE:46-Logger configured Mon May 24 12:56:47 2021
2021-05-24 12:56:47,417-INFO-FILE:main.py-FUNCTION:main-LINE:182-configuration of logger called: Mon May 24 12:56:47 2021
2021-05-24 12:57:06,316-INFO-FILE:main.py-FUNCTION:logger_config-LINE:46-Logger configured Mon May 24 12:57:06 2021
2021-05-24 12:57:06,317-INFO-FILE:main.py-FUNCTION:main-LINE:182-configuration of logger called: Mon May 24 12:57:06 2021
2021-05-24 12:57:06,390-INFO-FILE:main.py-FUNCTION:main-LINE:185-configuration of selenium called: Mon May 24 12:57:06 2021
2021-05-24 12:57:06,390-INFO-FILE:main.py-FUNCTION:main-LINE:186-Starting scrape: Mon May 24 12:57:06 2021
2021-05-24 12:57:08,116-INFO-FILE:main.py-FUNCTION:parse_arguments-LINE:132-ATTEMPTING TO RETRIEVE CITY Tokyo, Japan
2021-05-24 12:57:24,526-INFO-FILE:forecasts.py-FUNCTION:get_forecasts_city_page-LINE:44-NO LOCATION LIST FOR FOR Tokyo, Japan: MOVING ON..
2021-05-24 12:57:24,528-INFO-FILE:forecasts.py-FUNCTION:get_forecasts_city_page-LINE:51-SUCCESSFULLY FOUND Tokyo, Japan IN DROPDOWN
2021-05-24 12:57:38,395-INFO-FILE:historicals.py-FUNCTION:get_previous_day-LINE:22-SUCCESSFULY FOUND AND CLICKED DROPDOWN FOR Tokyo, Japan, day number 1
2021-05-24 12:57:39,895-INFO-FILE:historicals.py-FUNCTION:get_previous_day-LINE:22-SUCCESSFULY FOUND AND CLICKED DROPDOWN FOR Tokyo, Japan, day number 2
2021-05-24 12:57:41,376-INFO-FILE:historicals.py-FUNCTION:get_previous_day-LINE:22-SUCCESSFULY FOUND AND CLICKED DROPDOWN FOR Tokyo, Japan, day number 3
2021-05-24 12:57:42,852-INFO-FILE:historicals.py-FUNCTION:get_previous_day-LINE:22-SUCCESSFULY FOUND AND CLICKED DROPDOWN FOR Tokyo, Japan, day number 4
2021-05-24 12:57:44,350-INFO-FILE:historicals.py-FUNCTION:get_previous_day-LINE:22-SUCCESSFULY FOUND AND CLICKED DROPDOWN FOR Tokyo, Japan, day number 5
2021-05-24 12:57:45,835-INFO-FILE:historicals.py-FUNCTION:get_previous_day-LINE:22-SUCCESSFULY FOUND AND CLICKED DROPDOWN FOR Tokyo, Japan, day number 6
2021-05-24 12:57:47,339-INFO-FILE:historicals.py-FUNCTION:get_previous_day-LINE:22-SUCCESSFULY FOUND AND CLICKED DROPDOWN FOR Tokyo, Japan, day number 7
2021-05-24 12:57:48,815-INFO-FILE:historicals.py-FUNCTION:get_previous_day-LINE:22-SUCCESSFULY FOUND AND CLICKED DROPDOWN FOR Tokyo, Japan, day number 8
2021-05-24 12:57:50,298-INFO-FILE:historicals.py-FUNCTION:get_previous_day-LINE:22-SUCCESSFULY FOUND AND CLICKED DROPDOWN FOR Tokyo, Japan, day number 9
2021-05-24 12:57:51,792-INFO-FILE:historicals.py-FUNCTION:get_previous_day-LINE:22-SUCCESSFULY FOUND AND CLICKED DROPDOWN FOR Tokyo, Japan, day number 10
2021-05-24 12:57:53,287-INFO-FILE:historicals.py-FUNCTION:get_previous_day-LINE:22-SUCCESSFULY FOUND AND CLICKED DROPDOWN FOR Tokyo, Japan, day number 11
2021-05-24 12:57:54,745-INFO-FILE:historicals.py-FUNCTION:get_previous_day-LINE:22-SUCCESSFULY FOUND AND CLICKED DROPDOWN FOR Tokyo, Japan, day number 12
2021-05-24 12:57:56,237-INFO-FILE:historicals.py-FUNCTION:get_previous_day-LINE:22-SUCCESSFULY FOUND AND CLICKED DROPDOWN FOR Tokyo, Japan, day number 13
2021-05-24 12:57:57,723-INFO-FILE:historicals.py-FUNCTION:get_previous_day-LINE:22-SUCCESSFULY FOUND AND CLICKED DROPDOWN FOR Tokyo, Japan, day number 14
2021-05-24 13:01:27,072-INFO-FILE:main.py-FUNCTION:logger_config-LINE:46-Logger configured Mon May 24 13:01:27 2021
2021-05-24 13:01:27,072-INFO-FILE:main.py-FUNCTION:main-LINE:182-configuration of logger called: Mon May 24 13:01:27 2021
2021-05-24 13:01:27,134-INFO-FILE:main.py-FUNCTION:main-LINE:185-configuration of selenium called: Mon May 24 13:01:27 2021
2021-05-24 13:01:27,134-INFO-FILE:main.py-FUNCTION:main-LINE:186-Starting scrape: Mon May 24 13:01:27 2021
2021-05-24 13:01:28,895-INFO-FILE:main.py-FUNCTION:parse_arguments-LINE:132-ATTEMPTING TO RETRIEVE CITY Tokyo, Japan
2021-05-24 13:01:37,484-INFO-FILE:forecasts.py-FUNCTION:get_forecasts_city_page-LINE:51-SUCCESSFULLY FOUND Tokyo, Japan IN DROPDOWN
2021-05-24 13:02:01,339-INFO-FILE:historicals.py-FUNCTION:get_previous_day-LINE:22-SUCCESSFULY FOUND AND CLICKED DROPDOWN FOR Tokyo, Japan, day number 1
2021-05-24 13:02:02,840-INFO-FILE:historicals.py-FUNCTION:get_previous_day-LINE:22-SUCCESSFULY FOUND AND CLICKED DROPDOWN FOR Tokyo, Japan, day number 2
2021-05-24 13:02:04,306-INFO-FILE:historicals.py-FUNCTION:get_previous_day-LINE:22-SUCCESSFULY FOUND AND CLICKED DROPDOWN FOR Tokyo, Japan, day number 3
2021-05-24 13:02:05,785-INFO-FILE:historicals.py-FUNCTION:get_previous_day-LINE:22-SUCCESSFULY FOUND AND CLICKED DROPDOWN FOR Tokyo, Japan, day number 4
2021-05-24 13:02:07,267-INFO-FILE:historicals.py-FUNCTION:get_previous_day-LINE:22-SUCCESSFULY FOUND AND CLICKED DROPDOWN FOR Tokyo, Japan, day number 5
2021-05-24 13:02:08,740-INFO-FILE:historicals.py-FUNCTION:get_previous_day-LINE:22-SUCCESSFULY FOUND AND CLICKED DROPDOWN FOR Tokyo, Japan, day number 6
2021-05-24 13:02:10,237-INFO-FILE:historicals.py-FUNCTION:get_previous_day-LINE:22-SUCCESSFULY FOUND AND CLICKED DROPDOWN FOR Tokyo, Japan, day number 7
2021-05-24 13:02:11,720-INFO-FILE:historicals.py-FUNCTION:get_previous_day-LINE:22-SUCCESSFULY FOUND AND CLICKED DROPDOWN FOR Tokyo, Japan, day number 8
2021-05-24 13:02:13,211-INFO-FILE:historicals.py-FUNCTION:get_previous_day-LINE:22-SUCCESSFULY FOUND AND CLICKED DROPDOWN FOR Tokyo, Japan, day number 9
2021-05-24 13:02:14,700-INFO-FILE:historicals.py-FUNCTION:get_previous_day-LINE:22-SUCCESSFULY FOUND AND CLICKED DROPDOWN FOR Tokyo, Japan, day number 10
2021-05-24 13:02:16,174-INFO-FILE:historicals.py-FUNCTION:get_previous_day-LINE:22-SUCCESSFULY FOUND AND CLICKED DROPDOWN FOR Tokyo, Japan, day number 11
2021-05-24 13:02:17,689-INFO-FILE:historicals.py-FUNCTION:get_previous_day-LINE:22-SUCCESSFULY FOUND AND CLICKED DROPDOWN FOR Tokyo, Japan, day number 12
2021-05-24 13:02:19,166-INFO-FILE:historicals.py-FUNCTION:get_previous_day-LINE:22-SUCCESSFULY FOUND AND CLICKED DROPDOWN FOR Tokyo, Japan, day number 13
2021-05-24 13:02:20,644-INFO-FILE:historicals.py-FUNCTION:get_previous_day-LINE:22-SUCCESSFULY FOUND AND CLICKED DROPDOWN FOR Tokyo, Japan, day number 14
2021-05-24 13:02:22,852-INFO-FILE:request_api.py-FUNCTION:get_city_pollution-LINE:18-city:Tokyo,response status:200
2021-05-24 14:08:54,307-INFO-FILE:main.py-FUNCTION:logger_config-LINE:46-Logger configured Mon May 24 14:08:54 2021
2021-05-24 14:08:54,308-INFO-FILE:main.py-FUNCTION:main-LINE:182-configuration of logger called: Mon May 24 14:08:54 2021
2021-05-24 14:08:54,524-INFO-FILE:main.py-FUNCTION:main-LINE:185-configuration of selenium called: Mon May 24 14:08:54 2021
2021-05-24 14:08:54,524-INFO-FILE:main.py-FUNCTION:main-LINE:186-Starting scrape: Mon May 24 14:08:54 2021
2021-05-24 14:08:56,294-INFO-FILE:main.py-FUNCTION:parse_arguments-LINE:132-ATTEMPTING TO RETRIEVE CITY Tokyo, Japan
2021-05-24 14:09:03,023-INFO-FILE:forecasts.py-FUNCTION:get_forecasts_city_page-LINE:34-UNSUCCESSFUL SEARCH FOR CITY VALUE INPUT FOR Tokyo, Japan: MOVING ON..
2021-05-24 14:09:04,036-INFO-FILE:forecasts.py-FUNCTION:get_forecasts_city_page-LINE:44-NO LOCATION LIST FOR FOR Tokyo, Japan: MOVING ON..
2021-05-24 14:09:04,036-INFO-FILE:forecasts.py-FUNCTION:get_forecasts_city_page-LINE:51-SUCCESSFULLY FOUND Tokyo, Japan IN DROPDOWN
2021-05-24 14:09:15,538-INFO-FILE:historicals.py-FUNCTION:get_previous_day-LINE:22-SUCCESSFULY FOUND AND CLICKED DROPDOWN FOR Tokyo, Japan, day number 1
2021-05-24 14:09:17,063-INFO-FILE:historicals.py-FUNCTION:get_previous_day-LINE:22-SUCCESSFULY FOUND AND CLICKED DROPDOWN FOR Tokyo, Japan, day number 2
2021-05-24 14:09:18,555-INFO-FILE:historicals.py-FUNCTION:get_previous_day-LINE:22-SUCCESSFULY FOUND AND CLICKED DROPDOWN FOR Tokyo, Japan, day number 3
2021-05-24 14:09:20,051-INFO-FILE:historicals.py-FUNCTION:get_previous_day-LINE:22-SUCCESSFULY FOUND AND CLICKED DROPDOWN FOR Tokyo, Japan, day number 4
2021-05-24 14:09:21,557-INFO-FILE:historicals.py-FUNCTION:get_previous_day-LINE:22-SUCCESSFULY FOUND AND CLICKED DROPDOWN FOR Tokyo, Japan, day number 5
2021-05-24 14:09:23,050-INFO-FILE:historicals.py-FUNCTION:get_previous_day-LINE:22-SUCCESSFULY FOUND AND CLICKED DROPDOWN FOR Tokyo, Japan, day number 6
2021-05-24 14:09:24,556-INFO-FILE:historicals.py-FUNCTION:get_previous_day-LINE:22-SUCCESSFULY FOUND AND CLICKED DROPDOWN FOR Tokyo, Japan, day number 7
2021-05-24 14:09:26,049-INFO-FILE:historicals.py-FUNCTION:get_previous_day-LINE:22-SUCCESSFULY FOUND AND CLICKED DROPDOWN FOR Tokyo, Japan, day number 8
2021-05-24 14:09:27,538-INFO-FILE:historicals.py-FUNCTION:get_previous_day-LINE:22-SUCCESSFULY FOUND AND CLICKED DROPDOWN FOR Tokyo, Japan, day number 9
2021-05-24 14:09:29,035-INFO-FILE:historicals.py-FUNCTION:get_previous_day-LINE:22-SUCCESSFULY FOUND AND CLICKED DROPDOWN FOR Tokyo, Japan, day number 10
2021-05-24 14:09:30,520-INFO-FILE:historicals.py-FUNCTION:get_previous_day-LINE:22-SUCCESSFULY FOUND AND CLICKED DROPDOWN FOR Tokyo, Japan, day number 11
2021-05-24 14:09:32,018-INFO-FILE:historicals.py-FUNCTION:get_previous_day-LINE:22-SUCCESSFULY FOUND AND CLICKED DROPDOWN FOR Tokyo, Japan, day number 12
2021-05-24 14:09:33,512-INFO-FILE:historicals.py-FUNCTION:get_previous_day-LINE:22-SUCCESSFULY FOUND AND CLICKED DROPDOWN FOR Tokyo, Japan, day number 13
2021-05-24 14:09:35,015-INFO-FILE:historicals.py-FUNCTION:get_previous_day-LINE:22-SUCCESSFULY FOUND AND CLICKED DROPDOWN FOR Tokyo, Japan, day number 14
2021-05-24 14:09:36,713-INFO-FILE:main.py-FUNCTION:parse_arguments-LINE:132-ATTEMPTING TO RETRIEVE CITY Jakarta, Indonesia
2021-05-24 14:09:42,402-INFO-FILE:forecasts.py-FUNCTION:get_forecasts_city_page-LINE:44-NO LOCATION LIST FOR FOR Jakarta, Indonesia: MOVING ON..
2021-05-24 14:09:42,402-INFO-FILE:forecasts.py-FUNCTION:get_forecasts_city_page-LINE:51-SUCCESSFULLY FOUND Jakarta, Indonesia IN DROPDOWN
2021-05-24 14:09:53,790-INFO-FILE:historicals.py-FUNCTION:get_previous_day-LINE:22-SUCCESSFULY FOUND AND CLICKED DROPDOWN FOR Jakarta, Indonesia, day number 1
2021-05-24 14:09:55,276-INFO-FILE:historicals.py-FUNCTION:get_previous_day-LINE:22-SUCCESSFULY FOUND AND CLICKED DROPDOWN FOR Jakarta, Indonesia, day number 2
2021-05-24 14:09:56,761-INFO-FILE:historicals.py-FUNCTION:get_previous_day-LINE:22-SUCCESSFULY FOUND AND CLICKED DROPDOWN FOR Jakarta, Indonesia, day number 3
2021-05-24 14:09:58,257-INFO-FILE:historicals.py-FUNCTION:get_previous_day-LINE:22-SUCCESSFULY FOUND AND CLICKED DROPDOWN FOR Jakarta, Indonesia, day number 4
2021-05-24 14:09:59,766-INFO-FILE:historicals.py-FUNCTION:get_previous_day-LINE:22-SUCCESSFULY FOUND AND CLICKED DROPDOWN FOR Jakarta, Indonesia, day number 5
2021-05-24 14:10:01,256-INFO-FILE:historicals.py-FUNCTION:get_previous_day-LINE:22-SUCCESSFULY FOUND AND CLICKED DROPDOWN FOR Jakarta, Indonesia, day number 6
2021-05-24 14:10:02,756-INFO-FILE:historicals.py-FUNCTION:get_previous_day-LINE:22-SUCCESSFULY FOUND AND CLICKED DROPDOWN FOR Jakarta, Indonesia, day number 7
2021-05-24 14:10:04,226-INFO-FILE:historicals.py-FUNCTION:get_previous_day-LINE:22-SUCCESSFULY FOUND AND CLICKED DROPDOWN FOR Jakarta, Indonesia, day number 8
2021-05-24 14:10:05,708-INFO-FILE:historicals.py-FUNCTION:get_previous_day-LINE:22-SUCCESSFULY FOUND AND CLICKED DROPDOWN FOR Jakarta, Indonesia, day number 9
2021-05-24 14:10:07,197-INFO-FILE:historicals.py-FUNCTION:get_previous_day-LINE:22-SUCCESSFULY FOUND AND CLICKED DROPDOWN FOR Jakarta, Indonesia, day number 10
2021-05-24 14:10:08,686-INFO-FILE:historicals.py-FUNCTION:get_previous_day-LINE:22-SUCCESSFULY FOUND AND CLICKED DROPDOWN FOR Jakarta, Indonesia, day number 11
2021-05-24 14:10:10,174-INFO-FILE:historicals.py-FUNCTION:get_previous_day-LINE:22-SUCCESSFULY FOUND AND CLICKED DROPDOWN FOR Jakarta, Indonesia, day number 12
2021-05-24 14:10:11,644-INFO-FILE:historicals.py-FUNCTION:get_previous_day-LINE:22-SUCCESSFULY FOUND AND CLICKED DROPDOWN FOR Jakarta, Indonesia, day number 13
2021-05-24 14:10:13,134-INFO-FILE:historicals.py-FUNCTION:get_previous_day-LINE:22-SUCCESSFULY FOUND AND CLICKED DROPDOWN FOR Jakarta, Indonesia, day number 14
2021-05-24 14:10:14,785-INFO-FILE:main.py-FUNCTION:parse_arguments-LINE:132-ATTEMPTING TO RETRIEVE CITY Delhi, India
2021-05-24 14:10:22,188-INFO-FILE:forecasts.py-FUNCTION:get_forecasts_city_page-LINE:44-NO LOCATION LIST FOR FOR Delhi, India: MOVING ON..
2021-05-24 14:10:22,189-INFO-FILE:forecasts.py-FUNCTION:get_forecasts_city_page-LINE:51-SUCCESSFULLY FOUND Delhi, India IN DROPDOWN
2021-05-24 14:10:32,376-INFO-FILE:historicals.py-FUNCTION:get_previous_day-LINE:22-SUCCESSFULY FOUND AND CLICKED DROPDOWN FOR Delhi, India, day number 1
2021-05-24 14:10:33,884-INFO-FILE:historicals.py-FUNCTION:get_previous_day-LINE:22-SUCCESSFULY FOUND AND CLICKED DROPDOWN FOR Delhi, India, day number 2
2021-05-24 14:10:35,373-INFO-FILE:historicals.py-FUNCTION:get_previous_day-LINE:22-SUCCESSFULY FOUND AND CLICKED DROPDOWN FOR Delhi, India, day number 3
2021-05-24 14:10:36,852-INFO-FILE:historicals.py-FUNCTION:get_previous_day-LINE:22-SUCCESSFULY FOUND AND CLICKED DROPDOWN FOR Delhi, India, day number 4
2021-05-24 14:10:38,337-INFO-FILE:historicals.py-FUNCTION:get_previous_day-LINE:22-SUCCESSFULY FOUND AND CLICKED DROPDOWN FOR Delhi, India, day number 5
2021-05-24 14:10:39,828-INFO-FILE:historicals.py-FUNCTION:get_previous_day-LINE:22-SUCCESSFULY FOUND AND CLICKED DROPDOWN FOR Delhi, India, day number 6
2021-05-24 14:10:41,325-INFO-FILE:historicals.py-FUNCTION:get_previous_day-LINE:22-SUCCESSFULY FOUND AND CLICKED DROPDOWN FOR Delhi, India, day number 7
2021-05-24 14:10:42,806-INFO-FILE:historicals.py-FUNCTION:get_previous_day-LINE:22-SUCCESSFULY FOUND AND CLICKED DROPDOWN FOR Delhi, India, day number 8
2021-05-24 14:10:44,292-INFO-FILE:historicals.py-FUNCTION:get_previous_day-LINE:22-SUCCESSFULY FOUND AND CLICKED DROPDOWN FOR Delhi, India, day number 9
2021-05-24 14:10:45,769-INFO-FILE:historicals.py-FUNCTION:get_previous_day-LINE:22-SUCCESSFULY FOUND AND CLICKED DROPDOWN FOR Delhi, India, day number 10
2021-05-24 14:10:47,262-INFO-FILE:historicals.py-FUNCTION:get_previous_day-LINE:22-SUCCESSFULY FOUND AND CLICKED DROPDOWN FOR Delhi, India, day number 11
2021-05-24 14:10:48,748-INFO-FILE:historicals.py-FUNCTION:get_previous_day-LINE:22-SUCCESSFULY FOUND AND CLICKED DROPDOWN FOR Delhi, India, day number 12
2021-05-24 14:10:50,244-INFO-FILE:historicals.py-FUNCTION:get_previous_day-LINE:22-SUCCESSFULY FOUND AND CLICKED DROPDOWN FOR Delhi, India, day number 13
2021-05-24 14:10:51,731-INFO-FILE:historicals.py-FUNCTION:get_previous_day-LINE:22-SUCCESSFULY FOUND AND CLICKED DROPDOWN FOR Delhi, India, day number 14
2021-05-24 14:24:34,583-INFO-FILE:main.py-FUNCTION:logger_config-LINE:46-Logger configured Mon May 24 14:24:34 2021
2021-05-24 14:24:34,584-INFO-FILE:main.py-FUNCTION:main-LINE:182-configuration of logger called: Mon May 24 14:24:34 2021
2021-05-24 14:24:34,707-INFO-FILE:main.py-FUNCTION:main-LINE:185-configuration of selenium called: Mon May 24 14:24:34 2021
2021-05-24 14:24:34,708-INFO-FILE:main.py-FUNCTION:main-LINE:186-Starting scrape: Mon May 24 14:24:34 2021
2021-05-24 14:31:45,715-INFO-FILE:main.py-FUNCTION:logger_config-LINE:46-Logger configured Mon May 24 14:31:45 2021
2021-05-24 14:31:45,715-INFO-FILE:main.py-FUNCTION:main-LINE:182-configuration of logger called: Mon May 24 14:31:45 2021
2021-05-24 14:31:45,835-INFO-FILE:main.py-FUNCTION:main-LINE:185-configuration of selenium called: Mon May 24 14:31:45 2021
2021-05-24 14:31:45,836-INFO-FILE:main.py-FUNCTION:main-LINE:186-Starting scrape: Mon May 24 14:31:45 2021
2021-05-24 14:31:47,672-INFO-FILE:main.py-FUNCTION:parse_arguments-LINE:132-ATTEMPTING TO RETRIEVE CITY Tokyo, Japan
2021-05-24 14:31:53,674-INFO-FILE:forecasts.py-FUNCTION:get_forecasts_city_page-LINE:44-NO LOCATION LIST FOR FOR Tokyo, Japan: MOVING ON..
2021-05-24 14:31:53,676-INFO-FILE:forecasts.py-FUNCTION:get_forecasts_city_page-LINE:51-SUCCESSFULLY FOUND Tokyo, Japan IN DROPDOWN
2021-05-24 14:32:05,202-INFO-FILE:historicals.py-FUNCTION:get_previous_day-LINE:22-SUCCESSFULY FOUND AND CLICKED DROPDOWN FOR Tokyo, Japan, day number 1
2021-05-24 14:32:06,723-INFO-FILE:historicals.py-FUNCTION:get_previous_day-LINE:22-SUCCESSFULY FOUND AND CLICKED DROPDOWN FOR Tokyo, Japan, day number 2
2021-05-24 14:32:08,222-INFO-FILE:historicals.py-FUNCTION:get_previous_day-LINE:22-SUCCESSFULY FOUND AND CLICKED DROPDOWN FOR Tokyo, Japan, day number 3
2021-05-24 14:32:09,719-INFO-FILE:historicals.py-FUNCTION:get_previous_day-LINE:22-SUCCESSFULY FOUND AND CLICKED DROPDOWN FOR Tokyo, Japan, day number 4
2021-05-24 14:32:11,230-INFO-FILE:historicals.py-FUNCTION:get_previous_day-LINE:22-SUCCESSFULY FOUND AND CLICKED DROPDOWN FOR Tokyo, Japan, day number 5
2021-05-24 14:32:12,731-INFO-FILE:historicals.py-FUNCTION:get_previous_day-LINE:22-SUCCESSFULY FOUND AND CLICKED DROPDOWN FOR Tokyo, Japan, day number 6
2021-05-24 14:32:14,245-INFO-FILE:historicals.py-FUNCTION:get_previous_day-LINE:22-SUCCESSFULY FOUND AND CLICKED DROPDOWN FOR Tokyo, Japan, day number 7
2021-05-24 14:32:15,747-INFO-FILE:historicals.py-FUNCTION:get_previous_day-LINE:22-SUCCESSFULY FOUND AND CLICKED DROPDOWN FOR Tokyo, Japan, day number 8
2021-05-24 14:32:17,244-INFO-FILE:historicals.py-FUNCTION:get_previous_day-LINE:22-SUCCESSFULY FOUND AND CLICKED DROPDOWN FOR Tokyo, Japan, day number 9
2021-05-24 14:32:18,735-INFO-FILE:historicals.py-FUNCTION:get_previous_day-LINE:22-SUCCESSFULY FOUND AND CLICKED DROPDOWN FOR Tokyo, Japan, day number 10
2021-05-24 14:32:20,235-INFO-FILE:historicals.py-FUNCTION:get_previous_day-LINE:22-SUCCESSFULY FOUND AND CLICKED DROPDOWN FOR Tokyo, Japan, day number 11
2021-05-24 14:32:21,737-INFO-FILE:historicals.py-FUNCTION:get_previous_day-LINE:22-SUCCESSFULY FOUND AND CLICKED DROPDOWN FOR Tokyo, Japan, day number 12
2021-05-24 14:32:23,230-INFO-FILE:historicals.py-FUNCTION:get_previous_day-LINE:22-SUCCESSFULY FOUND AND CLICKED DROPDOWN FOR Tokyo, Japan, day number 13
2021-05-24 14:32:24,726-INFO-FILE:historicals.py-FUNCTION:get_previous_day-LINE:22-SUCCESSFULY FOUND AND CLICKED DROPDOWN FOR Tokyo, Japan, day number 14
2021-05-24 14:32:27,251-INFO-FILE:request_api.py-FUNCTION:get_city_pollution-LINE:18-city:Tokyo,response status:200
2021-05-24 14:33:10,200-INFO-FILE:main.py-FUNCTION:logger_config-LINE:46-Logger configured Mon May 24 14:33:10 2021
2021-05-24 14:33:10,201-INFO-FILE:main.py-FUNCTION:main-LINE:182-configuration of logger called: Mon May 24 14:33:10 2021
2021-05-24 14:33:10,276-INFO-FILE:main.py-FUNCTION:main-LINE:185-configuration of selenium called: Mon May 24 14:33:10 2021
2021-05-24 14:33:10,276-INFO-FILE:main.py-FUNCTION:main-LINE:186-Starting scrape: Mon May 24 14:33:10 2021
2021-05-24 14:33:12,162-INFO-FILE:main.py-FUNCTION:parse_arguments-LINE:132-ATTEMPTING TO RETRIEVE CITY Tokyo, Japan
2021-05-24 14:33:20,361-INFO-FILE:forecasts.py-FUNCTION:get_forecasts_city_page-LINE:51-SUCCESSFULLY FOUND Tokyo, Japan IN DROPDOWN
2021-05-24 14:33:45,514-INFO-FILE:historicals.py-FUNCTION:get_previous_day-LINE:22-SUCCESSFULY FOUND AND CLICKED DROPDOWN FOR Tokyo, Japan, day number 1
2021-05-24 14:33:47,044-INFO-FILE:historicals.py-FUNCTION:get_previous_day-LINE:22-SUCCESSFULY FOUND AND CLICKED DROPDOWN FOR Tokyo, Japan, day number 2
2021-05-24 14:33:48,528-INFO-FILE:historicals.py-FUNCTION:get_previous_day-LINE:22-SUCCESSFULY FOUND AND CLICKED DROPDOWN FOR Tokyo, Japan, day number 3
2021-05-24 14:33:50,024-INFO-FILE:historicals.py-FUNCTION:get_previous_day-LINE:22-SUCCESSFULY FOUND AND CLICKED DROPDOWN FOR Tokyo, Japan, day number 4
2021-05-24 14:33:51,534-INFO-FILE:historicals.py-FUNCTION:get_previous_day-LINE:22-SUCCESSFULY FOUND AND CLICKED DROPDOWN FOR Tokyo, Japan, day number 5
2021-05-24 14:33:53,031-INFO-FILE:historicals.py-FUNCTION:get_previous_day-LINE:22-SUCCESSFULY FOUND AND CLICKED DROPDOWN FOR Tokyo, Japan, day number 6
2021-05-24 14:33:54,548-INFO-FILE:historicals.py-FUNCTION:get_previous_day-LINE:22-SUCCESSFULY FOUND AND CLICKED DROPDOWN FOR Tokyo, Japan, day number 7
2021-05-24 14:33:56,052-INFO-FILE:historicals.py-FUNCTION:get_previous_day-LINE:22-SUCCESSFULY FOUND AND CLICKED DROPDOWN FOR Tokyo, Japan, day number 8
2021-05-24 14:33:57,548-INFO-FILE:historicals.py-FUNCTION:get_previous_day-LINE:22-SUCCESSFULY FOUND AND CLICKED DROPDOWN FOR Tokyo, Japan, day number 9
2021-05-24 14:33:59,054-INFO-FILE:historicals.py-FUNCTION:get_previous_day-LINE:22-SUCCESSFULY FOUND AND CLICKED DROPDOWN FOR Tokyo, Japan, day number 10
2021-05-24 14:34:00,539-INFO-FILE:historicals.py-FUNCTION:get_previous_day-LINE:22-SUCCESSFULY FOUND AND CLICKED DROPDOWN FOR Tokyo, Japan, day number 11
2021-05-24 14:34:02,034-INFO-FILE:historicals.py-FUNCTION:get_previous_day-LINE:22-SUCCESSFULY FOUND AND CLICKED DROPDOWN FOR Tokyo, Japan, day number 12
2021-05-24 14:34:03,543-INFO-FILE:historicals.py-FUNCTION:get_previous_day-LINE:22-SUCCESSFULY FOUND AND CLICKED DROPDOWN FOR Tokyo, Japan, day number 13
2021-05-24 14:34:05,046-INFO-FILE:historicals.py-FUNCTION:get_previous_day-LINE:22-SUCCESSFULY FOUND AND CLICKED DROPDOWN FOR Tokyo, Japan, day number 14
2021-05-24 14:34:07,077-INFO-FILE:main.py-FUNCTION:parse_arguments-LINE:132-ATTEMPTING TO RETRIEVE CITY Jakarta, Indonesia
2021-05-24 14:34:16,692-INFO-FILE:forecasts.py-FUNCTION:get_forecasts_city_page-LINE:51-SUCCESSFULLY FOUND Jakarta, Indonesia IN DROPDOWN
2021-05-24 14:34:41,858-INFO-FILE:historicals.py-FUNCTION:get_previous_day-LINE:22-SUCCESSFULY FOUND AND CLICKED DROPDOWN FOR Jakarta, Indonesia, day number 1
2021-05-24 14:34:43,360-INFO-FILE:historicals.py-FUNCTION:get_previous_day-LINE:22-SUCCESSFULY FOUND AND CLICKED DROPDOWN FOR Jakarta, Indonesia, day number 2
2021-05-24 14:34:44,844-INFO-FILE:historicals.py-FUNCTION:get_previous_day-LINE:22-SUCCESSFULY FOUND AND CLICKED DROPDOWN FOR Jakarta, Indonesia, day number 3
2021-05-24 14:34:46,324-INFO-FILE:historicals.py-FUNCTION:get_previous_day-LINE:22-SUCCESSFULY FOUND AND CLICKED DROPDOWN FOR Jakarta, Indonesia, day number 4
2021-05-24 14:34:47,834-INFO-FILE:historicals.py-FUNCTION:get_previous_day-LINE:22-SUCCESSFULY FOUND AND CLICKED DROPDOWN FOR Jakarta, Indonesia, day number 5
2021-05-24 14:34:49,325-INFO-FILE:historicals.py-FUNCTION:get_previous_day-LINE:22-SUCCESSFULY FOUND AND CLICKED DROPDOWN FOR Jakarta, Indonesia, day number 6
2021-05-24 14:34:50,831-INFO-FILE:historicals.py-FUNCTION:get_previous_day-LINE:22-SUCCESSFULY FOUND AND CLICKED DROPDOWN FOR Jakarta, Indonesia, day number 7
2021-05-24 14:34:52,322-INFO-FILE:historicals.py-FUNCTION:get_previous_day-LINE:22-SUCCESSFULY FOUND AND CLICKED DROPDOWN FOR Jakarta, Indonesia, day number 8
2021-05-24 14:34:53,820-INFO-FILE:historicals.py-FUNCTION:get_previous_day-LINE:22-SUCCESSFULY FOUND AND CLICKED DROPDOWN FOR Jakarta, Indonesia, day number 9
2021-05-24 14:34:55,329-INFO-FILE:historicals.py-FUNCTION:get_previous_day-LINE:22-SUCCESSFULY FOUND AND CLICKED DROPDOWN FOR Jakarta, Indonesia, day number 10
2021-05-24 14:34:56,831-INFO-FILE:historicals.py-FUNCTION:get_previous_day-LINE:22-SUCCESSFULY FOUND AND CLICKED DROPDOWN FOR Jakarta, Indonesia, day number 11
2021-05-24 14:34:58,340-INFO-FILE:historicals.py-FUNCTION:get_previous_day-LINE:22-SUCCESSFULY FOUND AND CLICKED DROPDOWN FOR Jakarta, Indonesia, day number 12
2021-05-24 14:34:59,838-INFO-FILE:historicals.py-FUNCTION:get_previous_day-LINE:22-SUCCESSFULY FOUND AND CLICKED DROPDOWN FOR Jakarta, Indonesia, day number 13
2021-05-24 14:35:01,336-INFO-FILE:historicals.py-FUNCTION:get_previous_day-LINE:22-SUCCESSFULY FOUND AND CLICKED DROPDOWN FOR Jakarta, Indonesia, day number 14
2021-05-24 14:35:02,915-INFO-FILE:main.py-FUNCTION:parse_arguments-LINE:132-ATTEMPTING TO RETRIEVE CITY Delhi, India
2021-05-24 14:35:10,161-INFO-FILE:forecasts.py-FUNCTION:get_forecasts_city_page-LINE:44-NO LOCATION LIST FOR FOR Delhi, India: MOVING ON..
2021-05-24 14:35:10,161-INFO-FILE:forecasts.py-FUNCTION:get_forecasts_city_page-LINE:51-SUCCESSFULLY FOUND Delhi, India IN DROPDOWN
2021-05-24 14:35:20,638-INFO-FILE:historicals.py-FUNCTION:get_previous_day-LINE:22-SUCCESSFULY FOUND AND CLICKED DROPDOWN FOR Delhi, India, day number 1
2021-05-24 14:35:22,164-INFO-FILE:historicals.py-FUNCTION:get_previous_day-LINE:22-SUCCESSFULY FOUND AND CLICKED DROPDOWN FOR Delhi, India, day number 2
2021-05-24 14:35:23,674-INFO-FILE:historicals.py-FUNCTION:get_previous_day-LINE:22-SUCCESSFULY FOUND AND CLICKED DROPDOWN FOR Delhi, India, day number 3
2021-05-24 14:35:25,152-INFO-FILE:historicals.py-FUNCTION:get_previous_day-LINE:22-SUCCESSFULY FOUND AND CLICKED DROPDOWN FOR Delhi, India, day number 4
2021-05-24 14:35:26,652-INFO-FILE:historicals.py-FUNCTION:get_previous_day-LINE:22-SUCCESSFULY FOUND AND CLICKED DROPDOWN FOR Delhi, India, day number 5
2021-05-24 14:35:28,139-INFO-FILE:historicals.py-FUNCTION:get_previous_day-LINE:22-SUCCESSFULY FOUND AND CLICKED DROPDOWN FOR Delhi, India, day number 6
2021-05-24 14:35:29,637-INFO-FILE:historicals.py-FUNCTION:get_previous_day-LINE:22-SUCCESSFULY FOUND AND CLICKED DROPDOWN FOR Delhi, India, day number 7
2021-05-24 14:35:31,151-INFO-FILE:historicals.py-FUNCTION:get_previous_day-LINE:22-SUCCESSFULY FOUND AND CLICKED DROPDOWN FOR Delhi, India, day number 8
2021-05-24 14:35:32,657-INFO-FILE:historicals.py-FUNCTION:get_previous_day-LINE:22-SUCCESSFULY FOUND AND CLICKED DROPDOWN FOR Delhi, India, day number 9
2021-05-24 14:35:34,166-INFO-FILE:historicals.py-FUNCTION:get_previous_day-LINE:22-SUCCESSFULY FOUND AND CLICKED DROPDOWN FOR Delhi, India, day number 10
2021-05-24 14:35:35,679-INFO-FILE:historicals.py-FUNCTION:get_previous_day-LINE:22-SUCCESSFULY FOUND AND CLICKED DROPDOWN FOR Delhi, India, day number 11
2021-05-24 14:35:37,184-INFO-FILE:historicals.py-FUNCTION:get_previous_day-LINE:22-SUCCESSFULY FOUND AND CLICKED DROPDOWN FOR Delhi, India, day number 12
2021-05-24 14:35:38,696-INFO-FILE:historicals.py-FUNCTION:get_previous_day-LINE:22-SUCCESSFULY FOUND AND CLICKED DROPDOWN FOR Delhi, India, day number 13
2021-05-24 14:35:40,185-INFO-FILE:historicals.py-FUNCTION:get_previous_day-LINE:22-SUCCESSFULY FOUND AND CLICKED DROPDOWN FOR Delhi, India, day number 14
